\BOOKMARK [1][]{section.1}{\376\377\116\000\060\001\000\040\225\356\230\230\221\315\217\360}{}% 1
\BOOKMARK [2][]{subsection.1.1}{\376\377\0001\000.\0001\000\040\174\373\176\337\173\200\116\313}{section.1}% 2
\BOOKMARK [2][]{subsection.1.2}{\376\377\0001\000.\0002\000\040\225\356\230\230\143\320\121\372}{section.1}% 3
\BOOKMARK [1][]{section.2}{\376\377\116\214\060\001\000\040\225\356\230\230\122\006\147\220}{}% 4
\BOOKMARK [2][]{subsection.2.1}{\376\377\0002\000.\0001\000\040\123\327\117\123\221\115\117\123\166\370\116\222\117\134\165\050\377\010\000I\000L\000-\0001\0007\000A\116\016\123\327\117\123\166\204\176\323\124\010\377\011}{section.2}% 5
\BOOKMARK [2][]{subsection.2.2}{\376\377\0002\000.\0002\000\040\127\372\126\340\210\150\217\276\136\372\152\041}{section.2}% 6
\BOOKMARK [2][]{subsection.2.3}{\376\377\0002\000.\0003\000\040\206\313\166\175\166\204\154\333\175\040\123\026\116\016\123\273\154\333\175\040\123\026\217\307\172\013}{section.2}% 7
\BOOKMARK [1][]{section.3}{\376\377\116\011\060\001\000\040\152\041\127\213\136\372\172\313}{}% 8
\BOOKMARK [2][]{subsection.3.1}{\376\377\0003\000.\0001\000\040\127\372\116\216\147\072\126\150\133\146\116\140\166\204\133\236\232\214\145\160\143\156\143\026\143\230\116\016\123\302\145\160\213\241\173\227}{section.3}% 9
\BOOKMARK [3][]{subsubsection.3.1.1}{\376\377\0003\000.\0001\000.\0001\000\040\147\072\126\150\133\146\116\140\151\202\211\201}{subsection.3.1}% 10
\BOOKMARK [3][]{subsubsection.3.1.2}{\376\377\0003\000.\0001\000.\0002\000\040\131\202\117\125\165\050\153\144\145\271\154\325\217\333\210\114\145\160\143\156\143\026\143\230\124\214\123\302\145\160\213\241\173\227}{subsection.3.1}% 11
\BOOKMARK [3][]{subsubsection.3.1.3}{\376\377\0003\000.\0001\000.\0003\000\040\142\100\227\000\166\204\133\236\232\214\145\160\143\156}{subsection.3.1}% 12
\BOOKMARK [3][]{subsubsection.3.1.4}{\376\377\0003\000.\0001\000.\0004\000\040\133\371\116\216\145\271\150\110\133\130\127\050\166\204\225\356\230\230\217\333\210\114\213\250\213\272\377\010\152\041\127\213\117\030\177\072\160\271\377\011\377\014\123\357\210\114\140\047\173\111}{subsection.3.1}% 13
\BOOKMARK [2][]{subsection.3.2}{\376\377\0003\000.\0002\000\040\131\026\220\350\126\152\130\360\213\361\133\374\166\204\162\266\140\001\122\007\143\142}{section.3}% 14
\BOOKMARK [3][]{subsubsection.3.2.1}{\376\377\0003\000.\0002\000.\0001\000\040\126\152\130\360\116\016\176\306\200\336\162\266\140\001\166\204\122\007\143\142}{subsection.3.2}% 15
\BOOKMARK [3][]{subsubsection.3.2.2}{\376\377\0003\000.\0002\000.\0002\000\040\131\026\220\350\126\152\130\360\133\371\127\372\126\340\210\150\217\276\166\204\137\161\124\315}{subsection.3.2}% 16
\BOOKMARK [2][]{subsection.3.3}{\376\377\0003\000.\0003\000\040\172\063\133\232\140\047\122\006\147\220\116\016\234\201\150\322\140\047\122\006\147\220}{section.3}% 17
\BOOKMARK [3][]{subsubsection.3.3.1}{\376\377\0003\000.\0003\000.\0001\000\040\172\063\133\232\140\047\122\006\147\220}{subsection.3.3}% 18
\BOOKMARK [3][]{subsubsection.3.3.2}{\376\377\0003\000.\0003\000.\0002\000\040\234\201\150\322\140\047\122\006\147\220}{subsection.3.3}% 19
\BOOKMARK [1][]{section.4}{\376\377\126\333\060\001\000\040\123\302\200\003\145\207\163\056}{}% 20
